Build started 2016/10/12 17:21:15.
     1>Project "C:\Users\v-jiaqwa.FAREAST\documents\visual studio 2013\Projects\hw\hw\hw.vcxproj" on node 2 (Build target(s)).
     1>ClCompile:
         C:\Program Files (x86)\Microsoft Visual Studio 12.0\VC\bin\CL.exe /c /ZI /nologo /W3 /WX- /sdl /Od /Oy- /D WIN32 /D _DEBUG /D _CONSOLE /D _LIB /D _UNICODE /D UNICODE /Gm /EHsc /RTC1 /MDd /GS /fp:precise /Zc:wchar_t /Zc:forScope /Yc"stdafx.h" /Fp"Debug\hw.pch" /Fo"Debug\\" /Fd"Debug\vc120.pdb" /Gd /TP /analyze- /errorReport:prompt stdafx.cpp
         stdafx.cpp
         C:\Program Files (x86)\Microsoft Visual Studio 12.0\VC\bin\CL.exe /c /ZI /nologo /W3 /WX- /sdl /Od /Oy- /D WIN32 /D _DEBUG /D _CONSOLE /D _LIB /D _UNICODE /D UNICODE /Gm /EHsc /RTC1 /MDd /GS /fp:precise /Zc:wchar_t /Zc:forScope /Yu"stdafx.h" /Fp"Debug\hw.pch" /Fo"Debug\\" /Fd"Debug\vc120.pdb" /Gd /TP /analyze- /errorReport:prompt BigNum.cpp hw.cpp
         BigNum.cpp
     1>c:\users\v-jiaqwa.fareast\documents\visual studio 2013\projects\hw\hw\bignum.cpp(28): warning C4018: '<' : signed/unsigned mismatch
     1>c:\users\v-jiaqwa.fareast\documents\visual studio 2013\projects\hw\hw\bignum.cpp(34): warning C4018: '<' : signed/unsigned mismatch
     1>c:\users\v-jiaqwa.fareast\documents\visual studio 2013\projects\hw\hw\bignum.cpp(43): warning C4018: '<' : signed/unsigned mismatch
     1>c:\users\v-jiaqwa.fareast\documents\visual studio 2013\projects\hw\hw\bignum.cpp(62): warning C4018: '<' : signed/unsigned mismatch
     1>c:\users\v-jiaqwa.fareast\documents\visual studio 2013\projects\hw\hw\bignum.cpp(72): warning C4018: '<' : signed/unsigned mismatch
     1>c:\users\v-jiaqwa.fareast\documents\visual studio 2013\projects\hw\hw\bignum.cpp(85): warning C4018: '<' : signed/unsigned mismatch
     1>c:\users\v-jiaqwa.fareast\documents\visual studio 2013\projects\hw\hw\bignum.cpp(98): warning C4018: '<' : signed/unsigned mismatch
     1>c:\users\v-jiaqwa.fareast\documents\visual studio 2013\projects\hw\hw\bignum.cpp(144): warning C4018: '<' : signed/unsigned mismatch
     1>c:\users\v-jiaqwa.fareast\documents\visual studio 2013\projects\hw\hw\bignum.cpp(149): warning C4018: '<' : signed/unsigned mismatch
     1>c:\users\v-jiaqwa.fareast\documents\visual studio 2013\projects\hw\hw\bignum.cpp(172): warning C4018: '<' : signed/unsigned mismatch
     1>c:\users\v-jiaqwa.fareast\documents\visual studio 2013\projects\hw\hw\bignum.cpp(177): warning C4018: '<' : signed/unsigned mismatch
     1>c:\users\v-jiaqwa.fareast\documents\visual studio 2013\projects\hw\hw\bignum.cpp(315): warning C4018: '<=' : signed/unsigned mismatch
         Generating Code...
         Skipping... (no relevant changes detected)
         hw.cpp
       Link:
         C:\Program Files (x86)\Microsoft Visual Studio 12.0\VC\bin\link.exe /ERRORREPORT:PROMPT /OUT:"C:\Users\v-jiaqwa.FAREAST\documents\visual studio 2013\Projects\hw\Debug\hw.exe" /INCREMENTAL /NOLOGO kernel32.lib user32.lib gdi32.lib winspool.lib comdlg32.lib advapi32.lib shell32.lib ole32.lib oleaut32.lib uuid.lib odbc32.lib odbccp32.lib /MANIFEST /MANIFESTUAC:"level='asInvoker' uiAccess='false'" /manifest:embed /DEBUG /PDB:"C:\Users\v-jiaqwa.FAREAST\documents\visual studio 2013\Projects\hw\Debug\hw.pdb" /SUBSYSTEM:CONSOLE /TLBID:1 /DYNAMICBASE /NXCOMPAT /IMPLIB:"C:\Users\v-jiaqwa.FAREAST\documents\visual studio 2013\Projects\hw\Debug\hw.lib" /MACHINE:X86 Debug\BigNum.obj
         Debug\hw.obj
         Debug\stdafx.obj
         hw.vcxproj -> C:\Users\v-jiaqwa.FAREAST\documents\visual studio 2013\Projects\hw\Debug\hw.exe
     1>Done Building Project "C:\Users\v-jiaqwa.FAREAST\documents\visual studio 2013\Projects\hw\hw\hw.vcxproj" (Build target(s)).

Build succeeded.

Time Elapsed 00:00:01.01
